<?xml version="1.0" encoding="UTF-8"?>
<testng-results skipped="0" failed="0" total="1" passed="1">
  <reporter-output>
  </reporter-output>
  <suite name="Default suite" duration-ms="24856" started-at="2018-07-13T11:55:38Z" finished-at="2018-07-13T11:56:03Z">
    <groups>
      <group name="cucumber">
        <method signature="AbstractTestNGCucumberTests.feature(cucumber.api.testng.CucumberFeatureWrapper)[pri:0, instance:com.qait.automation.GoogleApi.Runner@42dafa95]" name="feature" class="cucumber.api.testng.AbstractTestNGCucumberTests"/>
      </group> <!-- cucumber -->
    </groups>
    <test name="Default test" duration-ms="24856" started-at="2018-07-13T11:55:38Z" finished-at="2018-07-13T11:56:03Z">
      <class name="com.qait.automation.GoogleApi.Runner">
        <test-method status="PASS" signature="setUpClass()[pri:0, instance:com.qait.automation.GoogleApi.Runner@42dafa95]" name="setUpClass" is-config="true" duration-ms="126" started-at="2018-07-13T17:25:38Z" finished-at="2018-07-13T17:25:38Z">
          <reporter-output>
          </reporter-output>
        </test-method> <!-- setUpClass -->
        <test-method status="PASS" signature="feature(cucumber.api.testng.CucumberFeatureWrapper)[pri:0, instance:com.qait.automation.GoogleApi.Runner@42dafa95]" name="feature" duration-ms="24674" started-at="2018-07-13T17:25:38Z" description="Runs Cucumber Feature" data-provider="features" finished-at="2018-07-13T17:26:03Z">
          <params>
            <param index="0">
              <value>
                <![CDATA[Login feature]]>
              </value>
            </param>
          </params>
          <reporter-output>
          </reporter-output>
        </test-method> <!-- feature -->
        <test-method status="PASS" signature="tearDownClass()[pri:0, instance:com.qait.automation.GoogleApi.Runner@42dafa95]" name="tearDownClass" is-config="true" duration-ms="2" started-at="2018-07-13T17:26:03Z" finished-at="2018-07-13T17:26:03Z">
          <reporter-output>
          </reporter-output>
        </test-method> <!-- tearDownClass -->
      </class> <!-- com.qait.automation.GoogleApi.Runner -->
    </test> <!-- Default test -->
  </suite> <!-- Default suite -->
</testng-results>
