<?xml version="1.0" encoding="UTF-8"?>
<testng-results skipped="0" failed="0" total="1" passed="1">
  <reporter-output>
  </reporter-output>
  <suite name="Default suite" duration-ms="26941" started-at="2018-07-16T11:27:53Z" finished-at="2018-07-16T11:28:20Z">
    <groups>
      <group name="cucumber">
        <method signature="AbstractTestNGCucumberTests.feature(cucumber.api.testng.CucumberFeatureWrapper)[pri:0, instance:com.qait.automation.GoogleApi.Runner@402a079c]" name="feature" class="cucumber.api.testng.AbstractTestNGCucumberTests"/>
      </group> <!-- cucumber -->
    </groups>
    <test name="Default test" duration-ms="26941" started-at="2018-07-16T11:27:53Z" finished-at="2018-07-16T11:28:20Z">
      <class name="com.qait.automation.GoogleApi.Runner">
        <test-method status="PASS" signature="setUpClass()[pri:0, instance:com.qait.automation.GoogleApi.Runner@402a079c]" name="setUpClass" is-config="true" duration-ms="130" started-at="2018-07-16T16:57:53Z" finished-at="2018-07-16T16:57:53Z">
          <reporter-output>
          </reporter-output>
        </test-method> <!-- setUpClass -->
        <test-method status="PASS" signature="feature(cucumber.api.testng.CucumberFeatureWrapper)[pri:0, instance:com.qait.automation.GoogleApi.Runner@402a079c]" name="feature" duration-ms="26750" started-at="2018-07-16T16:57:53Z" description="Runs Cucumber Feature" data-provider="features" finished-at="2018-07-16T16:58:20Z">
          <params>
            <param index="0">
              <value>
                <![CDATA[Login feature]]>
              </value>
            </param>
          </params>
          <reporter-output>
          </reporter-output>
        </test-method> <!-- feature -->
        <test-method status="PASS" signature="tearDownClass()[pri:0, instance:com.qait.automation.GoogleApi.Runner@402a079c]" name="tearDownClass" is-config="true" duration-ms="1" started-at="2018-07-16T16:58:20Z" finished-at="2018-07-16T16:58:20Z">
          <reporter-output>
          </reporter-output>
        </test-method> <!-- tearDownClass -->
      </class> <!-- com.qait.automation.GoogleApi.Runner -->
    </test> <!-- Default test -->
  </suite> <!-- Default suite -->
</testng-results>
